<?xml version="1.0" encoding="UTF-8"?>
<testng-results ignored="0" total="1" passed="1" failed="0" skipped="0">
  <reporter-output>
  </reporter-output>
  <suite started-at="2020-01-14T01:46:11Z" name="TestCases.E2E" finished-at="2020-01-14T01:47:12Z" duration-ms="60633">
    <groups>
    </groups>
    <test started-at="2020-01-14T01:46:11Z" name="Command line test" finished-at="2020-01-14T01:47:12Z" duration-ms="60633">
      <class name="TestCases.E2E">
        <test-method is-config="true" signature="startSession()[pri:0, instance:TestCases.E2E@5e0826e7]" started-at="2020-01-14T01:46:11Z" name="startSession" finished-at="2020-01-14T01:46:44Z" duration-ms="33544" status="PASS">
          <reporter-output>
          </reporter-output>
        </test-method> <!-- startSession -->
        <test-method signature="e2eTesting_CreateNewUser()[pri:0, instance:TestCases.E2E@5e0826e7]" started-at="2020-01-14T01:46:44Z" name="e2eTesting_CreateNewUser" finished-at="2020-01-14T01:47:04Z" duration-ms="19945" status="PASS">
          <reporter-output>
          </reporter-output>
        </test-method> <!-- e2eTesting_CreateNewUser -->
        <test-method is-config="true" signature="closeSession()[pri:0, instance:TestCases.E2E@5e0826e7]" started-at="2020-01-14T01:47:04Z" name="closeSession" finished-at="2020-01-14T01:47:12Z" duration-ms="7117" status="PASS">
          <reporter-output>
          </reporter-output>
        </test-method> <!-- closeSession -->
      </class> <!-- TestCases.E2E -->
    </test> <!-- Command line test -->
  </suite> <!-- TestCases.E2E -->
</testng-results>
